<?xml version="1.0" encoding="UTF-8"?>
<coverage generated="1576576902868" clover="3.2.0">
  <project timestamp="1576576902868" name="All files">
    <metrics statements="44" coveredstatements="44" conditionals="5" coveredconditionals="5" methods="14" coveredmethods="14" elements="63" coveredelements="63" complexity="0" loc="44" ncloc="44" packages="1" files="1" classes="1"/>
    <file name="server.ts" path="/Users/elenavilchik/Projects/LANG/sonar-css/sonar-css-plugin/css-bundle/src/server.ts">
      <metrics statements="44" coveredstatements="44" conditionals="5" coveredconditionals="5" methods="14" coveredmethods="14"/>
      <line num="2" count="2" type="stmt"/>
      <line num="4" count="2" type="stmt"/>
      <line num="5" count="2" type="stmt"/>
      <line num="6" count="2" type="stmt"/>
      <line num="8" count="2" type="stmt"/>
      <line num="9" count="2" type="stmt"/>
      <line num="11" count="2" type="stmt"/>
      <line num="15" count="2" type="stmt"/>
      <line num="16" count="2" type="stmt"/>
      <line num="19" count="2" type="cond" truecount="1" falsecount="0"/>
      <line num="20" count="7" type="stmt"/>
      <line num="21" count="7" type="stmt"/>
      <line num="22" count="7" type="stmt"/>
      <line num="23" count="7" type="stmt"/>
      <line num="24" count="7" type="stmt"/>
      <line num="25" count="7" type="stmt"/>
      <line num="26" count="1" type="stmt"/>
      <line num="28" count="7" type="stmt"/>
      <line num="30" count="2" type="stmt"/>
      <line num="31" count="2" type="stmt"/>
      <line num="35" count="7" type="stmt"/>
      <line num="36" count="7" type="stmt"/>
      <line num="40" count="7" type="stmt"/>
      <line num="49" count="5" type="stmt"/>
      <line num="50" count="5" type="stmt"/>
      <line num="51" count="5" type="stmt"/>
      <line num="53" count="4" type="stmt"/>
      <line num="59" count="4" type="stmt"/>
      <line num="61" count="3" type="stmt"/>
      <line num="63" count="1" type="stmt"/>
      <line num="64" count="1" type="stmt"/>
      <line num="69" count="3" type="stmt"/>
      <line num="71" count="3" type="stmt"/>
      <line num="73" count="3" type="cond" truecount="2" falsecount="0"/>
      <line num="74" count="1" type="stmt"/>
      <line num="77" count="1" type="stmt"/>
      <line num="79" count="2" type="stmt"/>
      <line num="80" count="2" type="stmt"/>
      <line num="87" count="3" type="stmt"/>
      <line num="91" count="5" type="stmt"/>
      <line num="92" count="4" type="stmt"/>
      <line num="96" count="4" type="cond" truecount="2" falsecount="0"/>
      <line num="97" count="1" type="stmt"/>
      <line num="99" count="3" type="stmt"/>
    </file>
  </project>
</coverage>
