{"/Users/elenavilchik/Projects/LANG/sonar-css/sonar-css-plugin/css-bundle/src/server.ts": {"path":"/Users/elenavilchik/Projects/LANG/sonar-css/sonar-css-plugin/css-bundle/src/server.ts","statementMap":{"0":{"start":{"line":2,"column":0},"end":{"line":2,"column":35}},"1":{"start":{"line":4,"column":0},"end":{"line":4,"column":39}},"2":{"start":{"line":5,"column":0},"end":{"line":5,"column":25}},"3":{"start":{"line":6,"column":0},"end":{"line":6,"column":42}},"4":{"start":{"line":8,"column":10},"end":{"line":8,"column":21}},"5":{"start":{"line":9,"column":15},"end":{"line":9,"column":28}},"6":{"start":{"line":15,"column":2},"end":{"line":15,"column":19}},"7":{"start":{"line":16,"column":2},"end":{"line":16,"column":26}},"8":{"start":{"line":11,"column":0},"end":{"line":11,"column":16}},"9":{"start":{"line":20,"column":2},"end":{"line":42,"column":5}},"10":{"start":{"line":21,"column":4},"end":{"line":21,"column":64}},"11":{"start":{"line":22,"column":16},"end":{"line":22,"column":25}},"12":{"start":{"line":23,"column":4},"end":{"line":23,"column":31}},"13":{"start":{"line":24,"column":4},"end":{"line":24,"column":47}},"14":{"start":{"line":25,"column":4},"end":{"line":27,"column":6}},"15":{"start":{"line":26,"column":6},"end":{"line":26,"column":22}},"16":{"start":{"line":28,"column":4},"end":{"line":33,"column":6}},"17":{"start":{"line":30,"column":8},"end":{"line":30,"column":22}},"18":{"start":{"line":31,"column":8},"end":{"line":31,"column":21}},"19":{"start":{"line":35,"column":19},"end":{"line":41,"column":6}},"20":{"start":{"line":36,"column":6},"end":{"line":39,"column":8}},"21":{"start":{"line":40,"column":6},"end":{"line":40,"column":22}},"22":{"start":{"line":19,"column":0},"end":{"line":19,"column":16}},"23":{"start":{"line":49,"column":24},"end":{"line":49,"column":53}},"24":{"start":{"line":50,"column":33},"end":{"line":50,"column":46}},"25":{"start":{"line":51,"column":15},"end":{"line":51,"column":39}},"26":{"start":{"line":53,"column":18},"end":{"line":57,"column":4}},"27":{"start":{"line":59,"column":2},"end":{"line":65,"column":7}},"28":{"start":{"line":61,"column":20},"end":{"line":61,"column":69}},"29":{"start":{"line":63,"column":6},"end":{"line":63,"column":22}},"30":{"start":{"line":64,"column":6},"end":{"line":64,"column":24}},"31":{"start":{"line":69,"column":36},"end":{"line":69,"column":38}},"32":{"start":{"line":71,"column":2},"end":{"line":86,"column":5}},"33":{"start":{"line":73,"column":4},"end":{"line":78,"column":null}},"34":{"start":{"line":74,"column":6},"end":{"line":76,"column":8}},"35":{"start":{"line":77,"column":6},"end":{"line":77,"column":13}},"36":{"start":{"line":79,"column":4},"end":{"line":85,"column":6}},"37":{"start":{"line":80,"column":6},"end":{"line":84,"column":8}},"38":{"start":{"line":87,"column":2},"end":{"line":87,"column":26}},"39":{"start":{"line":91,"column":22},"end":{"line":91,"column":69}},"40":{"start":{"line":92,"column":2},"end":{"line":92,"column":31}},"41":{"start":{"line":96,"column":2},"end":{"line":98,"column":null}},"42":{"start":{"line":97,"column":4},"end":{"line":97,"column":22}},"43":{"start":{"line":99,"column":2},"end":{"line":99,"column":11}}},"fnMap":{"0":{"name":"setLogHandlersForTests","decl":{"start":{"line":11,"column":16},"end":{"line":11,"column":38}},"loc":{"start":{"line":13,"column":36},"end":{"line":17,"column":1}}},"1":{"name":"start","decl":{"start":{"line":19,"column":16},"end":{"line":19,"column":21}},"loc":{"start":{"line":19,"column":30},"end":{"line":43,"column":1}}},"2":{"name":"(anonymous_2)","decl":{"start":{"line":20,"column":21},"end":{"line":20,"column":28}},"loc":{"start":{"line":20,"column":31},"end":{"line":42,"column":3}}},"3":{"name":"(anonymous_3)","decl":{"start":{"line":25,"column":23},"end":{"line":25,"column":24}},"loc":{"start":{"line":26,"column":6},"end":{"line":26,"column":22}}},"4":{"name":"(anonymous_4)","decl":{"start":{"line":29,"column":6},"end":{"line":29,"column":7}},"loc":{"start":{"line":29,"column":77},"end":{"line":32,"column":7}}},"5":{"name":"(anonymous_5)","decl":{"start":{"line":35,"column":36},"end":{"line":35,"column":39}},"loc":{"start":{"line":35,"column":41},"end":{"line":41,"column":5}}},"6":{"name":"analyzeWithStylelint","decl":{"start":{"line":45,"column":9},"end":{"line":45,"column":29}},"loc":{"start":{"line":47,"column":28},"end":{"line":66,"column":1}}},"7":{"name":"(anonymous_7)","decl":{"start":{"line":61,"column":10},"end":{"line":61,"column":16}},"loc":{"start":{"line":61,"column":20},"end":{"line":61,"column":69}}},"8":{"name":"(anonymous_8)","decl":{"start":{"line":62,"column":11},"end":{"line":62,"column":16}},"loc":{"start":{"line":62,"column":19},"end":{"line":65,"column":5}}},"9":{"name":"toIssues","decl":{"start":{"line":68,"column":9},"end":{"line":68,"column":17}},"loc":{"start":{"line":68,"column":67},"end":{"line":88,"column":1}}},"10":{"name":"(anonymous_10)","decl":{"start":{"line":71,"column":18},"end":{"line":71,"column":24}},"loc":{"start":{"line":71,"column":27},"end":{"line":86,"column":3}}},"11":{"name":"(anonymous_11)","decl":{"start":{"line":79,"column":28},"end":{"line":79,"column":35}},"loc":{"start":{"line":80,"column":6},"end":{"line":84,"column":8}}},"12":{"name":"getFileContent","decl":{"start":{"line":90,"column":9},"end":{"line":90,"column":23}},"loc":{"start":{"line":90,"column":40},"end":{"line":93,"column":1}}},"13":{"name":"stripBom","decl":{"start":{"line":95,"column":9},"end":{"line":95,"column":17}},"loc":{"start":{"line":95,"column":27},"end":{"line":100,"column":1}}}},"branchMap":{"0":{"loc":{"start":{"line":19,"column":29},"end":{"line":19,"column":30}},"type":"default-arg","locations":[{"start":{"line":19,"column":29},"end":{"line":19,"column":30}}]},"1":{"loc":{"start":{"line":73,"column":4},"end":{"line":78,"column":null}},"type":"if","locations":[{"start":{"line":73,"column":4},"end":{"line":78,"column":null}},{"start":{"line":73,"column":4},"end":{"line":78,"column":null}}]},"2":{"loc":{"start":{"line":96,"column":2},"end":{"line":98,"column":null}},"type":"if","locations":[{"start":{"line":96,"column":2},"end":{"line":98,"column":null}},{"start":{"line":96,"column":2},"end":{"line":98,"column":null}}]}},"s":{"0":2,"1":2,"2":2,"3":2,"4":2,"5":2,"6":2,"7":2,"8":2,"9":7,"10":7,"11":7,"12":7,"13":7,"14":7,"15":1,"16":7,"17":2,"18":2,"19":7,"20":7,"21":7,"22":2,"23":5,"24":5,"25":5,"26":4,"27":4,"28":3,"29":1,"30":1,"31":3,"32":3,"33":3,"34":1,"35":1,"36":2,"37":2,"38":3,"39":5,"40":4,"41":4,"42":1,"43":3},"f":{"0":2,"1":7,"2":7,"3":1,"4":2,"5":7,"6":5,"7":3,"8":1,"9":3,"10":3,"11":2,"12":5,"13":4},"b":{"0":[7],"1":[1,2],"2":[1,3]}}
}
