TN:
SF:/Users/elenavilchik/Projects/LANG/sonar-css/sonar-css-plugin/css-bundle/src/server.ts
FN:11,setLogHandlersForTests
FN:19,start
FN:20,(anonymous_2)
FN:25,(anonymous_3)
FN:29,(anonymous_4)
FN:35,(anonymous_5)
FN:45,analyzeWithStylelint
FN:61,(anonymous_7)
FN:62,(anonymous_8)
FN:68,toIssues
FN:71,(anonymous_10)
FN:79,(anonymous_11)
FN:90,getFileContent
FN:95,stripBom
FNF:14
FNH:14
FNDA:2,setLogHandlersForTests
FNDA:7,start
FNDA:7,(anonymous_2)
FNDA:1,(anonymous_3)
FNDA:2,(anonymous_4)
FNDA:7,(anonymous_5)
FNDA:5,analyzeWithStylelint
FNDA:3,(anonymous_7)
FNDA:1,(anonymous_8)
FNDA:3,toIssues
FNDA:3,(anonymous_10)
FNDA:2,(anonymous_11)
FNDA:5,getFileContent
FNDA:4,stripBom
DA:2,2
DA:4,2
DA:5,2
DA:6,2
DA:8,2
DA:9,2
DA:11,2
DA:15,2
DA:16,2
DA:19,2
DA:20,7
DA:21,7
DA:22,7
DA:23,7
DA:24,7
DA:25,7
DA:26,1
DA:28,7
DA:30,2
DA:31,2
DA:35,7
DA:36,7
DA:40,7
DA:49,5
DA:50,5
DA:51,5
DA:53,4
DA:59,4
DA:61,3
DA:63,1
DA:64,1
DA:69,3
DA:71,3
DA:73,3
DA:74,1
DA:77,1
DA:79,2
DA:80,2
DA:87,3
DA:91,5
DA:92,4
DA:96,4
DA:97,1
DA:99,3
LF:44
LH:44
BRDA:19,0,0,7
BRDA:73,1,0,1
BRDA:73,1,1,2
BRDA:96,2,0,1
BRDA:96,2,1,3
BRF:5
BRH:5
end_of_record
